#
# There is insufficient memory for the Java Runtime Environment to continue.
# Native memory allocation (malloc) failed to allocate 1048576 bytes for AllocateHeap
# Possible reasons:
#   The system is out of physical RAM or swap space
#   In 32 bit mode, the process size limit was hit
# Possible solutions:
#   Reduce memory load on the system
#   Increase physical memory or swap space
#   Check if swap backing store is full
#   Use 64 bit Java on a 64 bit OS
#   Decrease Java heap size (-Xmx/-Xms)
#   Decrease number of Java threads
#   Decrease Java thread stack sizes (-Xss)
#   Set larger code cache with -XX:ReservedCodeCacheSize=
# This output file may be truncated or incomplete.
#
#  Out of Memory Error (memory/allocation.inline.hpp:61), pid=157564, tid=155504
#
# JRE version:  (8.0_74-b02) (build )
# Java VM: Java HotSpot(TM) 64-Bit Server VM (25.74-b02 mixed mode windows-amd64 compressed oops)
# Failed to write core dump. Minidumps are not enabled by default on client versions of Windows
#

---------------  T H R E A D  ---------------

Current thread (0x0000000002308000):  JavaThread "Unknown thread" [_thread_in_vm, id=155504, stack(0x00000000025d0000,0x00000000026d0000)]

Stack: [0x00000000025d0000,0x00000000026d0000]
[error occurred during error reporting (printing stack bounds), id 0xc0000005]

Native frames: (J=compiled Java code, j=interpreted, Vv=VM code, C=native code)


---------------  P R O C E S S  ---------------

Java Threads: ( => current thread )

Other Threads:

=>0x0000000002308000 (exited) JavaThread "Unknown thread" [_thread_in_vm, id=155504, stack(0x00000000025d0000,0x00000000026d0000)]

VM state:not at safepoint (normal execution)

VM Mutex/Monitor currently owned by a thread: None

Heap:
 PSYoungGen      total 2048K, used 30K [0x00000000eb000000, 0x00000000eb280000, 0x0000000100000000)
  eden space 1536K, 2% used [0x00000000eb000000,0x00000000eb007af0,0x00000000eb180000)
  from space 512K, 0% used [0x00000000eb200000,0x00000000eb200000,0x00000000eb280000)
  to   space 512K, 0% used [0x00000000eb180000,0x00000000eb180000,0x00000000eb200000)
 ParOldGen       total 5632K, used 0K [0x00000000c1000000, 0x00000000c1580000, 0x00000000eb000000)
  object space 5632K, 0% used [0x00000000c1000000,0x00000000c1000000,0x00000000c1580000)
 Metaspace       used 769K, capacity 4480K, committed 4480K, reserved 1056768K
  class space    used 75K, capacity 384K, committed 384K, reserved 1048576K

Card table byte_map: [0x0000000011d60000,0x0000000011f60000] byte_map_base: 0x0000000011758000

Marking Bits: (ParMarkBitMap*) 0x000000005c540600
 Begin Bits: [0x00000000125d0000, 0x0000000013590000)
 End Bits:   [0x0000000013590000, 0x0000000014550000)

Polling page: 0x0000000000350000

CodeCache: size=245760Kb used=327Kb max_used=327Kb free=245432Kb
 bounds [0x00000000029a0000, 0x0000000002c10000, 0x00000000119a0000]
 total_blobs=57 nmethods=0 adapters=38
 compilation: enabled

Compilation events (0 events):
No events

GC Heap History (0 events):
No events

Deoptimization events (0 events):
No events

Internal exceptions (0 events):
No events

Events (10 events):
Event: 0.061 loading class java/lang/Short
Event: 0.061 loading class java/lang/Short done
Event: 0.061 loading class java/lang/Integer
Event: 0.061 loading class java/lang/Integer done
Event: 0.061 loading class java/lang/Long
Event: 0.061 loading class java/lang/Long done
Event: 0.061 loading class java/lang/NullPointerException
Event: 0.061 loading class java/lang/NullPointerException done
Event: 0.061 loading class java/lang/ArithmeticException
Event: 0.061 loading class java/lang/ArithmeticException done


Dynamic libraries:
0x000000013f7b0000 - 0x000000013f7b7000 	C:\Program Files\Java\jdk1.8.0_74\bin\javac.exe
0x0000000077410000 - 0x00000000775ba000 	C:\Windows\SYSTEM32\ntdll.dll
0x0000000076f30000 - 0x000000007704f000 	C:\Windows\system32\kernel32.dll
0x000007fefdb70000 - 0x000007fefdbdb000 	C:\Windows\system32\KERNELBASE.dll
0x000000006c920000 - 0x000000006c94f000 	C:\Program Files\Java\jdk1.8.0_74\bin\jli.dll
0x000007fefeca0000 - 0x000007fefed7b000 	C:\Windows\system32\ADVAPI32.dll
0x000007feff250000 - 0x000007feff2ef000 	C:\Windows\system32\msvcrt.dll
0x000007fefef30000 - 0x000007fefef4f000 	C:\Windows\SYSTEM32\sechost.dll
0x000007feff2f0000 - 0x000007feff41d000 	C:\Windows\system32\RPCRT4.dll
0x000007fefc260000 - 0x000007fefc454000 	C:\Windows\WinSxS\amd64_microsoft.windows.common-controls_6595b64144ccf1df_6.0.7601.18837_none_fa3b1e3d17594757\COMCTL32.dll
0x000007fefedd0000 - 0x000007fefee37000 	C:\Windows\system32\GDI32.dll
0x0000000077310000 - 0x000000007740a000 	C:\Windows\system32\USER32.dll
0x000007feff710000 - 0x000007feff71e000 	C:\Windows\system32\LPK.dll
0x000007feff060000 - 0x000007feff12a000 	C:\Windows\system32\USP10.dll
0x000007feff1d0000 - 0x000007feff241000 	C:\Windows\system32\SHLWAPI.dll
0x000000006af60000 - 0x000000006b032000 	C:\Program Files\Java\jdk1.8.0_74\bin\MSVCR100.dll
0x000007fefdc40000 - 0x000007fefdc6e000 	C:\Windows\system32\IMM32.DLL
0x000007fefef50000 - 0x000007feff059000 	C:\Windows\system32\MSCTF.dll
0x0000000074c40000 - 0x0000000074c79000 	C:\PROGRA~2\Sophos\SOPHOS~1\SOPHOS~2.DLL
0x00000000775d0000 - 0x00000000775d7000 	C:\Windows\system32\PSAPI.DLL
0x000000006c200000 - 0x000000006c2d2000 	C:\Program Files\Java\jdk1.8.0_74\jre\bin\msvcr100.dll
0x000000005bd30000 - 0x000000005c5c0000 	C:\Program Files\Java\jdk1.8.0_74\jre\bin\server\jvm.dll
0x000007feec130000 - 0x000007feec139000 	C:\Windows\system32\WSOCK32.dll
0x000007fefed80000 - 0x000007fefedcd000 	C:\Windows\system32\WS2_32.dll
0x000007fefeec0000 - 0x000007fefeec8000 	C:\Windows\system32\NSI.dll
0x000007fefaaf0000 - 0x000007fefab2b000 	C:\Windows\system32\WINMM.dll
0x000007fefca00000 - 0x000007fefca0c000 	C:\Windows\system32\VERSION.dll
0x000000006c800000 - 0x000000006c80f000 	C:\Program Files\Java\jdk1.8.0_74\jre\bin\verify.dll
0x000000006c350000 - 0x000000006c379000 	C:\Program Files\Java\jdk1.8.0_74\jre\bin\java.dll
0x000000006c7e0000 - 0x000000006c7f6000 	C:\Program Files\Java\jdk1.8.0_74\jre\bin\zip.dll

VM Arguments:
jvm_args: -Denv.class.path=C:\soft\LINGO15\Lingo15.jar -Dapplication.home=C:\Program Files\Java\jdk1.8.0_74 -Xms8m 
java_command: com.sun.tools.javac.Main -d C:\123\Long_method_g1\build\classes -classpath C:\123\Long_method_g1\build\classes -sourcepath C:\123\Long_method_g1\build\empty -target 1.8 -encoding UTF-8 -g -processorpath C:\123\Long_method_g1\build\empty -s C:\123\Long_method_g1\build\generated-sources\ap-source-output -source 1.8 C:\123\Long_method_g1\src\edu\ulima\java\Alumno.java C:\123\Long_method_g1\src\edu\ulima\java\Profesor.java C:\123\Long_method_g1\src\edu\ulima\main\Main.java C:\123\Long_method_g1\src\edu\ulima\metodo\Datos.java C:\123\Long_method_g1\src\edu\ulima\metodo\Registrar.java
java_class_path (initial): C:\Program Files\Java\jdk1.8.0_74/lib/tools.jar;C:\Program Files\Java\jdk1.8.0_74/classes
Launcher Type: SUN_STANDARD

Environment Variables:
JAVA_HOME=C:\Program Files\Java\jdk1.8.0_74
CLASSPATH=C:\soft\LINGO15\Lingo15.jar
PATH=C:\Program Files (x86)\NVIDIA Corporation\PhysX\Common;C:\ProgramData\Oracle\Java\javapath;C:\Program Files (x86)\Common Files\Intel\Shared Libraries\redist\ia32\mpirt;C:\Program Files (x86)\Common Files\Intel\Shared Libraries\redist\ia32\compiler;C:\Program Files\Common Files\Microsoft Shared\Windows Live;C:\Program Files (x86)\Common Files\Microsoft Shared\Windows Live;C:\soft\Rockwell Software\RSCommon;C:\Windows\system32;C:\Windows;C:\Windows\System32\Wbem;C:\Windows\System32\WindowsPowerShell\v1.0\;C:\Program Files\Intel\DMIX;C:\soft\Rational\common;C:\soft\MATLAB\R2009b\runtime\win32;C:\soft\MATLAB\R2009b\bin;C:\soft\MySQL\MySQL Server 5.6\bin;C:\Program Files (x86)\Windows Live\Shared;C:\soft\LINGO15\;C:\Soft\shield;C:\Soft\QuickTime\QTSystem\;C:\Program Files\Microsoft SQL Server\120\Tools\Binn\;C:\Program Files (x86)\Windows Kits\10\Windows Performance Toolkit\;C:\Program Files\Microsoft SQL Server\Client SDK\ODBC\110\Tools\Binn\;C:\Program Files (x86)\Microsoft SQL Server\120\Tools\Binn\;C:\Program Files\Microsoft SQL Server\120\DTS\Binn\
USERNAME=Administrator
OS=Windows_NT
PROCESSOR_IDENTIFIER=Intel64 Family 6 Model 30 Stepping 5, GenuineIntel



---------------  S Y S T E M  ---------------

OS: Windows 7 , 64 bit Build 7601 (6.1.7601.19135)

CPU:total 4 (4 cores per cpu, 1 threads per core) family 6 model 30 stepping 5, cmov, cx8, fxsr, mmx, sse, sse2, sse3, ssse3, sse4.1, sse4.2, popcnt, tsc, tscinvbit

Memory: 4k page, physical 4127104k(541668k free), swap 4125268k(7196k free)

vm_info: Java HotSpot(TM) 64-Bit Server VM (25.74-b02) for windows-amd64 JRE (1.8.0_74-b02), built on Jan 29 2016 17:42:36 by "java_re" with MS VC++ 10.0 (VS2010)

time: Mon Sep 26 11:42:44 2016
elapsed time: 0 seconds (0d 0h 0m 0s)

