#
# There is insufficient memory for the Java Runtime Environment to continue.
# Native memory allocation (malloc) failed to allocate 554976 bytes for Chunk::new
# Possible reasons:
#   The system is out of physical RAM or swap space
#   In 32 bit mode, the process size limit was hit
# Possible solutions:
#   Reduce memory load on the system
#   Increase physical memory or swap space
#   Check if swap backing store is full
#   Use 64 bit Java on a 64 bit OS
#   Decrease Java heap size (-Xmx/-Xms)
#   Decrease number of Java threads
#   Decrease Java thread stack sizes (-Xss)
#   Set larger code cache with -XX:ReservedCodeCacheSize=
# This output file may be truncated or incomplete.
#
#  Out of Memory Error (allocation.cpp:390), pid=158008, tid=157800
#
# JRE version: Java(TM) SE Runtime Environment (8.0_74-b02) (build 1.8.0_74-b02)
# Java VM: Java HotSpot(TM) 64-Bit Server VM (25.74-b02 mixed mode windows-amd64 compressed oops)
# Failed to write core dump. Minidumps are not enabled by default on client versions of Windows
#

---------------  T H R E A D  ---------------

Current thread (0x00000000551ad800):  JavaThread "C2 CompilerThread1" daemon [_thread_in_native, id=157800, stack(0x0000000056ca0000,0x0000000056da0000)]

Stack: [0x0000000056ca0000,0x0000000056da0000]
[error occurred during error reporting (printing stack bounds), id 0xc0000005]

Native frames: (J=compiled Java code, j=interpreted, Vv=VM code, C=native code)


Current CompileTask:
C2:    940  380 %     4       com.sun.tools.javac.file.ZipFileIndex$ZipDirectory::readEntry @ 102 (587 bytes)


---------------  P R O C E S S  ---------------

Java Threads: ( => current thread )
  0x00000000568cb000 JavaThread "Service Thread" daemon [_thread_blocked, id=158024, stack(0x0000000057060000,0x0000000057160000)]
  0x0000000056854800 JavaThread "C1 CompilerThread2" daemon [_thread_blocked, id=158380, stack(0x0000000056f10000,0x0000000057010000)]
=>0x00000000551ad800 JavaThread "C2 CompilerThread1" daemon [_thread_in_native, id=157800, stack(0x0000000056ca0000,0x0000000056da0000)]
  0x00000000551a6000 JavaThread "C2 CompilerThread0" daemon [_thread_blocked, id=157972, stack(0x0000000056750000,0x0000000056850000)]
  0x00000000551a2000 JavaThread "Attach Listener" daemon [_thread_blocked, id=158432, stack(0x0000000056300000,0x0000000056400000)]
  0x00000000551a0800 JavaThread "Signal Dispatcher" daemon [_thread_blocked, id=158448, stack(0x00000000565d0000,0x00000000566d0000)]
  0x000000005518b800 JavaThread "Finalizer" daemon [_thread_blocked, id=157916, stack(0x00000000564b0000,0x00000000565b0000)]
  0x0000000055142800 JavaThread "Reference Handler" daemon [_thread_blocked, id=157392, stack(0x00000000561e0000,0x00000000562e0000)]
  0x00000000022a8000 JavaThread "main" [_thread_in_native, id=158412, stack(0x0000000002640000,0x0000000002740000)]

Other Threads:
  0x000000005513a800 VMThread [stack: 0x00000000560d0000,0x00000000561d0000] [id=158116]
  0x000000005690c800 WatcherThread [stack: 0x0000000056dd0000,0x0000000056ed0000] [id=155796]

VM state:not at safepoint (normal execution)

VM Mutex/Monitor currently owned by a thread: None

Heap:
 PSYoungGen      total 6656K, used 2851K [0x00000000eb000000, 0x00000000eb900000, 0x0000000100000000)
  eden space 5632K, 32% used [0x00000000eb000000,0x00000000eb1cbe08,0x00000000eb580000)
  from space 1024K, 98% used [0x00000000eb700000,0x00000000eb7fd020,0x00000000eb800000)
  to   space 1536K, 0% used [0x00000000eb580000,0x00000000eb580000,0x00000000eb700000)
 ParOldGen       total 5632K, used 1116K [0x00000000c1000000, 0x00000000c1580000, 0x00000000eb000000)
  object space 5632K, 19% used [0x00000000c1000000,0x00000000c1117190,0x00000000c1580000)
 Metaspace       used 7378K, capacity 8244K, committed 8448K, reserved 1056768K
  class space    used 898K, capacity 944K, committed 1024K, reserved 1048576K

Card table byte_map: [0x0000000011dd0000,0x0000000011fd0000] byte_map_base: 0x00000000117c8000

Marking Bits: (ParMarkBitMap*) 0x000000005c540600
 Begin Bits: [0x0000000012630000, 0x00000000135f0000)
 End Bits:   [0x00000000135f0000, 0x00000000145b0000)

Polling page: 0x0000000000250000

CodeCache: size=245760Kb used=2188Kb max_used=2200Kb free=243571Kb
 bounds [0x0000000002a10000, 0x0000000002c80000, 0x0000000011a10000]
 total_blobs=679 nmethods=394 adapters=199
 compilation: enabled

Compilation events (10 events):
Event: 0.877 Thread 0x0000000056854800  337       3       com.sun.tools.javac.parser.JavacParser::optag (492 bytes)
Event: 0.877 Thread 0x0000000056854800 nmethod 337 0x0000000002c31890 code [0x0000000002c31a60, 0x0000000002c32030]
Event: 0.877 Thread 0x0000000056854800  382       1       com.sun.tools.javac.file.RelativePath::getPath (5 bytes)
Event: 0.877 Thread 0x0000000056854800 nmethod 382 0x0000000002c32150 code [0x0000000002c322a0, 0x0000000002c323b0]
Event: 0.877 Thread 0x0000000056854800  384       1       java.util.HashMap$Node::getKey (5 bytes)
Event: 0.877 Thread 0x0000000056854800 nmethod 384 0x0000000002c32410 code [0x0000000002c32560, 0x0000000002c32670]
Event: 0.893 Thread 0x0000000056854800  390       1       java.util.HashMap::afterNodeInsertion (1 bytes)
Event: 0.893 Thread 0x0000000056854800 nmethod 390 0x0000000002c326d0 code [0x0000000002c32820, 0x0000000002c32930]
Event: 0.893 Thread 0x0000000056854800  389       3       java.util.HashMap::tableSizeFor (59 bytes)
Event: 0.893 Thread 0x0000000056854800 nmethod 389 0x0000000002c32990 code [0x0000000002c32b00, 0x0000000002c32d10]

GC Heap History (10 events):
Event: 0.532 GC heap before
{Heap before GC invocations=2 (full 0):
 PSYoungGen      total 2048K, used 1948K [0x00000000eb000000, 0x00000000eb280000, 0x0000000100000000)
  eden space 1536K, 95% used [0x00000000eb000000,0x00000000eb16f068,0x00000000eb180000)
  from space 512K, 93% used [0x00000000eb180000,0x00000000eb1f8020,0x00000000eb200000)
  to   space 512K, 0% used [0x00000000eb200000,0x00000000eb200000,0x00000000eb280000)
 ParOldGen       total 5632K, used 40K [0x00000000c1000000, 0x00000000c1580000, 0x00000000eb000000)
  object space 5632K, 0% used [0x00000000c1000000,0x00000000c100a000,0x00000000c1580000)
 Metaspace       used 4084K, capacity 5388K, committed 5760K, reserved 1056768K
  class space    used 487K, capacity 520K, committed 640K, reserved 1048576K
Event: 0.534 GC heap after
Heap after GC invocations=2 (full 0):
 PSYoungGen      total 2048K, used 496K [0x00000000eb000000, 0x00000000eb400000, 0x0000000100000000)
  eden space 1536K, 0% used [0x00000000eb000000,0x00000000eb000000,0x00000000eb180000)
  from space 512K, 96% used [0x00000000eb200000,0x00000000eb27c010,0x00000000eb280000)
  to   space 512K, 0% used [0x00000000eb180000,0x00000000eb180000,0x00000000eb200000)
 ParOldGen       total 5632K, used 88K [0x00000000c1000000, 0x00000000c1580000, 0x00000000eb000000)
  object space 5632K, 1% used [0x00000000c1000000,0x00000000c1016000,0x00000000c1580000)
 Metaspace       used 4084K, capacity 5388K, committed 5760K, reserved 1056768K
  class space    used 487K, capacity 520K, committed 640K, reserved 1048576K
}
Event: 0.566 GC heap before
{Heap before GC invocations=3 (full 0):
 PSYoungGen      total 2048K, used 2032K [0x00000000eb000000, 0x00000000eb400000, 0x0000000100000000)
  eden space 1536K, 100% used [0x00000000eb000000,0x00000000eb180000,0x00000000eb180000)
  from space 512K, 96% used [0x00000000eb200000,0x00000000eb27c010,0x00000000eb280000)
  to   space 512K, 0% used [0x00000000eb180000,0x00000000eb180000,0x00000000eb200000)
 ParOldGen       total 5632K, used 88K [0x00000000c1000000, 0x00000000c1580000, 0x00000000eb000000)
  object space 5632K, 1% used [0x00000000c1000000,0x00000000c1016000,0x00000000c1580000)
 Metaspace       used 4579K, capacity 5836K, committed 6016K, reserved 1056768K
  class space    used 562K, capacity 584K, committed 640K, reserved 1048576K
Event: 0.569 GC heap after
Heap after GC invocations=3 (full 0):
 PSYoungGen      total 2048K, used 480K [0x00000000eb000000, 0x00000000eb400000, 0x0000000100000000)
  eden space 1536K, 0% used [0x00000000eb000000,0x00000000eb000000,0x00000000eb180000)
  from space 512K, 93% used [0x00000000eb180000,0x00000000eb1f8010,0x00000000eb200000)
  to   space 512K, 0% used [0x00000000eb380000,0x00000000eb380000,0x00000000eb400000)
 ParOldGen       total 5632K, used 516K [0x00000000c1000000, 0x00000000c1580000, 0x00000000eb000000)
  object space 5632K, 9% used [0x00000000c1000000,0x00000000c1081050,0x00000000c1580000)
 Metaspace       used 4579K, capacity 5836K, committed 6016K, reserved 1056768K
  class space    used 562K, capacity 584K, committed 640K, reserved 1048576K
}
Event: 0.610 GC heap before
{Heap before GC invocations=4 (full 0):
 PSYoungGen      total 2048K, used 2016K [0x00000000eb000000, 0x00000000eb400000, 0x0000000100000000)
  eden space 1536K, 100% used [0x00000000eb000000,0x00000000eb180000,0x00000000eb180000)
  from space 512K, 93% used [0x00000000eb180000,0x00000000eb1f8010,0x00000000eb200000)
  to   space 512K, 0% used [0x00000000eb380000,0x00000000eb380000,0x00000000eb400000)
 ParOldGen       total 5632K, used 516K [0x00000000c1000000, 0x00000000c1580000, 0x00000000eb000000)
  object space 5632K, 9% used [0x00000000c1000000,0x00000000c1081050,0x00000000c1580000)
 Metaspace       used 5115K, capacity 6348K, committed 6656K, reserved 1056768K
  class space    used 620K, capacity 648K, committed 768K, reserved 1048576K
Event: 0.611 GC heap after
Heap after GC invocations=4 (full 0):
 PSYoungGen      total 3584K, used 480K [0x00000000eb000000, 0x00000000eb400000, 0x0000000100000000)
  eden space 3072K, 0% used [0x00000000eb000000,0x00000000eb000000,0x00000000eb300000)
  from space 512K, 93% used [0x00000000eb380000,0x00000000eb3f8010,0x00000000eb400000)
  to   space 512K, 0% used [0x00000000eb300000,0x00000000eb300000,0x00000000eb380000)
 ParOldGen       total 5632K, used 596K [0x00000000c1000000, 0x00000000c1580000, 0x00000000eb000000)
  object space 5632K, 10% used [0x00000000c1000000,0x00000000c1095050,0x00000000c1580000)
 Metaspace       used 5115K, capacity 6348K, committed 6656K, reserved 1056768K
  class space    used 620K, capacity 648K, committed 768K, reserved 1048576K
}
Event: 0.698 GC heap before
{Heap before GC invocations=5 (full 0):
 PSYoungGen      total 3584K, used 3552K [0x00000000eb000000, 0x00000000eb400000, 0x0000000100000000)
  eden space 3072K, 100% used [0x00000000eb000000,0x00000000eb300000,0x00000000eb300000)
  from space 512K, 93% used [0x00000000eb380000,0x00000000eb3f8010,0x00000000eb400000)
  to   space 512K, 0% used [0x00000000eb300000,0x00000000eb300000,0x00000000eb380000)
 ParOldGen       total 5632K, used 596K [0x00000000c1000000, 0x00000000c1580000, 0x00000000eb000000)
  object space 5632K, 10% used [0x00000000c1000000,0x00000000c1095050,0x00000000c1580000)
 Metaspace       used 6196K, capacity 7340K, committed 7552K, reserved 1056768K
  class space    used 774K, capacity 808K, committed 896K, reserved 1048576K
Event: 0.699 GC heap after
Heap after GC invocations=5 (full 0):
 PSYoungGen      total 3584K, used 480K [0x00000000eb000000, 0x00000000eb800000, 0x0000000100000000)
  eden space 3072K, 0% used [0x00000000eb000000,0x00000000eb000000,0x00000000eb300000)
  from space 512K, 93% used [0x00000000eb300000,0x00000000eb378010,0x00000000eb380000)
  to   space 1024K, 0% used [0x00000000eb700000,0x00000000eb700000,0x00000000eb800000)
 ParOldGen       total 5632K, used 949K [0x00000000c1000000, 0x00000000c1580000, 0x00000000eb000000)
  object space 5632K, 16% used [0x00000000c1000000,0x00000000c10ed550,0x00000000c1580000)
 Metaspace       used 6196K, capacity 7340K, committed 7552K, reserved 1056768K
  class space    used 774K, capacity 808K, committed 896K, reserved 1048576K
}
Event: 0.871 GC heap before
{Heap before GC invocations=6 (full 0):
 PSYoungGen      total 3584K, used 3200K [0x00000000eb000000, 0x00000000eb800000, 0x0000000100000000)
  eden space 3072K, 88% used [0x00000000eb000000,0x00000000eb2a7ff0,0x00000000eb300000)
  from space 512K, 93% used [0x00000000eb300000,0x00000000eb378010,0x00000000eb380000)
  to   space 1024K, 0% used [0x00000000eb700000,0x00000000eb700000,0x00000000eb800000)
 ParOldGen       total 5632K, used 949K [0x00000000c1000000, 0x00000000c1580000, 0x00000000eb000000)
  object space 5632K, 16% used [0x00000000c1000000,0x00000000c10ed550,0x00000000c1580000)
 Metaspace       used 7334K, capacity 8244K, committed 8448K, reserved 1056768K
  class space    used 891K, capacity 944K, committed 1024K, reserved 1048576K
Event: 0.874 GC heap after
Heap after GC invocations=6 (full 0):
 PSYoungGen      total 6656K, used 1012K [0x00000000eb000000, 0x00000000eb900000, 0x0000000100000000)
  eden space 5632K, 0% used [0x00000000eb000000,0x00000000eb000000,0x00000000eb580000)
  from space 1024K, 98% used [0x00000000eb700000,0x00000000eb7fd020,0x00000000eb800000)
  to   space 1536K, 0% used [0x00000000eb580000,0x00000000eb580000,0x00000000eb700000)
 ParOldGen       total 5632K, used 1116K [0x00000000c1000000, 0x00000000c1580000, 0x00000000eb000000)
  object space 5632K, 19% used [0x00000000c1000000,0x00000000c1117190,0x00000000c1580000)
 Metaspace       used 7334K, capacity 8244K, committed 8448K, reserved 1056768K
  class space    used 891K, capacity 944K, committed 1024K, reserved 1048576K
}

Deoptimization events (4 events):
Event: 0.682 Thread 0x00000000022a8000 Uncommon trap: reason=null_check action=make_not_entrant pc=0x0000000002b928e8 method=java.lang.String.equals(Ljava/lang/Object;)Z @ 8
Event: 0.733 Thread 0x00000000022a8000 Uncommon trap: reason=unstable_if action=reinterpret pc=0x0000000002b7b3e0 method=java.lang.String.replace(CC)Ljava/lang/String; @ 26
Event: 0.735 Thread 0x00000000022a8000 Uncommon trap: reason=class_check action=maybe_recompile pc=0x0000000002bb2b44 method=sun.misc.URLClassPath.getLoader(I)Lsun/misc/URLClassPath$Loader; @ 94
Event: 0.869 Thread 0x00000000022a8000 Uncommon trap: reason=unstable_if action=reinterpret pc=0x0000000002bcb784 method=java.lang.String.<init>([CII)V @ 18

Internal exceptions (10 events):
Event: 0.073 Thread 0x00000000022a8000 Exception <a 'java/lang/NoSuchMethodError': Method sun.misc.Unsafe.defineClass(Ljava/lang/String;[BII)Ljava/lang/Class; name or signature does not match> (0x00000000eb007cd8) thrown at [C:\re\workspace\8-2-build-windows-amd64-cygwin\jdk8u74\6087\hotspot\srE≠j–¯…≤?
Event: 0.073 Thread 0x00000000022a8000 Exception <a 'java/lang/NoSuchMethodError': Method sun.misc.Unsafe.prefetchRead(Ljava/lang/Object;J)V name or signature does not match> (0x00000000eb007fc0) thrown at [C:\re\workspace\8-2-build-windows-amd64-cygwin\jdk8u74\6087\hotspot\src\share\vm\prims\j`Bó@Ünﬂ?
Event: 0.491 Thread 0x00000000022a8000 Exception <a 'java/security/PrivilegedActionException'> (0x00000000eb165698) thrown at [C:\re\workspace\8-2-build-windows-amd64-cygwin\jdk8u74\6087\hotspot\src\share\vm\prims\jvm.cpp, line 1386]
Event: 0.491 Thread 0x00000000022a8000 Exception <a 'java/security/PrivilegedActionException'> (0x00000000eb165a90) thrown at [C:\re\workspace\8-2-build-windows-amd64-cygwin\jdk8u74\6087\hotspot\src\share\vm\prims\jvm.cpp, line 1386]
Event: 0.492 Thread 0x00000000022a8000 Exception <a 'java/security/PrivilegedActionException'> (0x00000000eb169ac0) thrown at [C:\re\workspace\8-2-build-windows-amd64-cygwin\jdk8u74\6087\hotspot\src\share\vm\prims\jvm.cpp, line 1386]
Event: 0.492 Thread 0x00000000022a8000 Exception <a 'java/security/PrivilegedActionException'> (0x00000000eb169ef8) thrown at [C:\re\workspace\8-2-build-windows-amd64-cygwin\jdk8u74\6087\hotspot\src\share\vm\prims\jvm.cpp, line 1386]
Event: 0.499 Thread 0x00000000022a8000 Exception <a 'java/security/PrivilegedActionException'> (0x00000000eb0131b8) thrown at [C:\re\workspace\8-2-build-windows-amd64-cygwin\jdk8u74\6087\hotspot\src\share\vm\prims\jvm.cpp, line 1386]
Event: 0.499 Thread 0x00000000022a8000 Exception <a 'java/security/PrivilegedActionException'> (0x00000000eb0135b0) thrown at [C:\re\workspace\8-2-build-windows-amd64-cygwin\jdk8u74\6087\hotspot\src\share\vm\prims\jvm.cpp, line 1386]
Event: 0.682 Thread 0x00000000022a8000 Implicit null exception at 0x0000000002b92712 to 0x0000000002b928d9
Event: 0.875 Thread 0x00000000022a8000 Exception <a 'java/lang/OutOfMemoryError'> (0x00000000eb1782a0) thrown at [C:\re\workspace\8-2-build-windows-amd64-cygwin\jdk8u74\6087\hotspot\src\share\vm\prims\jni.cpp, line 735]

Events (10 events):
Event: 0.874 Executing VM operation: ParallelGCFailedAllocation done
Event: 0.875 loading class com/sun/tools/javac/util/Log$PrefixKind
Event: 0.875 loading class com/sun/tools/javac/util/Log$PrefixKind done
Event: 0.875 loading class com/sun/tools/javac/resources/javac
Event: 0.875 loading class com/sun/tools/javac/resources/javac done
Event: 0.891 loading class com/sun/tools/javac/resources/javac_en
Event: 0.891 loading class com/sun/tools/javac/resources/javac_en done
Event: 0.892 loading class com/sun/tools/javac/resources/javac_en_US
Event: 0.892 loading class com/sun/tools/javac/resources/javac_en_US done
Event: 0.893 loading class java/text/MessageFormat


Dynamic libraries:
0x000000013f060000 - 0x000000013f067000 	C:\Program Files\Java\jdk1.8.0_74\bin\javac.exe
0x0000000077410000 - 0x00000000775ba000 	C:\Windows\SYSTEM32\ntdll.dll
0x0000000076f30000 - 0x000000007704f000 	C:\Windows\system32\kernel32.dll
0x000007fefdb70000 - 0x000007fefdbdb000 	C:\Windows\system32\KERNELBASE.dll
0x000000006c850000 - 0x000000006c87f000 	C:\Program Files\Java\jdk1.8.0_74\bin\jli.dll
0x000007fefeca0000 - 0x000007fefed7b000 	C:\Windows\system32\ADVAPI32.dll
0x000007feff250000 - 0x000007feff2ef000 	C:\Windows\system32\msvcrt.dll
0x000007fefef30000 - 0x000007fefef4f000 	C:\Windows\SYSTEM32\sechost.dll
0x000007feff2f0000 - 0x000007feff41d000 	C:\Windows\system32\RPCRT4.dll
0x000007fefc260000 - 0x000007fefc454000 	C:\Windows\WinSxS\amd64_microsoft.windows.common-controls_6595b64144ccf1df_6.0.7601.18837_none_fa3b1e3d17594757\COMCTL32.dll
0x000007fefedd0000 - 0x000007fefee37000 	C:\Windows\system32\GDI32.dll
0x0000000077310000 - 0x000000007740a000 	C:\Windows\system32\USER32.dll
0x000007feff710000 - 0x000007feff71e000 	C:\Windows\system32\LPK.dll
0x000007feff060000 - 0x000007feff12a000 	C:\Windows\system32\USP10.dll
0x000007feff1d0000 - 0x000007feff241000 	C:\Windows\system32\SHLWAPI.dll
0x0000000065df0000 - 0x0000000065ec2000 	C:\Program Files\Java\jdk1.8.0_74\bin\MSVCR100.dll
0x000007fefdc40000 - 0x000007fefdc6e000 	C:\Windows\system32\IMM32.DLL
0x000007fefef50000 - 0x000007feff059000 	C:\Windows\system32\MSCTF.dll
0x0000000074c40000 - 0x0000000074c79000 	C:\PROGRA~2\Sophos\SOPHOS~1\SOPHOS~2.DLL
0x00000000775d0000 - 0x00000000775d7000 	C:\Windows\system32\PSAPI.DLL
0x000000006af60000 - 0x000000006b032000 	C:\Program Files\Java\jdk1.8.0_74\jre\bin\msvcr100.dll
0x000000005bd30000 - 0x000000005c5c0000 	C:\Program Files\Java\jdk1.8.0_74\jre\bin\server\jvm.dll
0x000007feec130000 - 0x000007feec139000 	C:\Windows\system32\WSOCK32.dll
0x000007fefed80000 - 0x000007fefedcd000 	C:\Windows\system32\WS2_32.dll
0x000007fefeec0000 - 0x000007fefeec8000 	C:\Windows\system32\NSI.dll
0x000007fefaaf0000 - 0x000007fefab2b000 	C:\Windows\system32\WINMM.dll
0x000007fefca00000 - 0x000007fefca0c000 	C:\Windows\system32\VERSION.dll
0x000000006c910000 - 0x000000006c91f000 	C:\Program Files\Java\jdk1.8.0_74\jre\bin\verify.dll
0x000000006c8e0000 - 0x000000006c909000 	C:\Program Files\Java\jdk1.8.0_74\jre\bin\java.dll
0x000000006c8c0000 - 0x000000006c8d6000 	C:\Program Files\Java\jdk1.8.0_74\jre\bin\zip.dll
0x000007fefdf10000 - 0x000007fefec9a000 	C:\Windows\system32\SHELL32.dll
0x000007feff500000 - 0x000007feff703000 	C:\Windows\system32\ole32.dll
0x000007fefd870000 - 0x000007fefd87f000 	C:\Windows\system32\profapi.dll

VM Arguments:
jvm_args: -Denv.class.path=C:\soft\LINGO15\Lingo15.jar -Dapplication.home=C:\Program Files\Java\jdk1.8.0_74 -Xms8m 
java_command: com.sun.tools.javac.Main -d C:\123\Long_method_g1\build\classes -classpath C:\123\Long_method_g1\build\classes -sourcepath C:\123\Long_method_g1\build\empty -target 1.8 -encoding UTF-8 -g -processorpath C:\123\Long_method_g1\build\empty -s C:\123\Long_method_g1\build\generated-sources\ap-source-output -source 1.8 C:\123\Long_method_g1\src\edu\ulima\java\Alumno.java C:\123\Long_method_g1\src\edu\ulima\java\Profesor.java C:\123\Long_method_g1\src\edu\ulima\main\Main.java C:\123\Long_method_g1\src\edu\ulima\metodo\Datos.java C:\123\Long_method_g1\src\edu\ulima\metodo\Registrar.java
java_class_path (initial): C:\Program Files\Java\jdk1.8.0_74/lib/tools.jar;C:\Program Files\Java\jdk1.8.0_74/classes
Launcher Type: SUN_STANDARD

Environment Variables:
JAVA_HOME=C:\Program Files\Java\jdk1.8.0_74
CLASSPATH=C:\soft\LINGO15\Lingo15.jar
PATH=C:\Program Files (x86)\NVIDIA Corporation\PhysX\Common;C:\ProgramData\Oracle\Java\javapath;C:\Program Files (x86)\Common Files\Intel\Shared Libraries\redist\ia32\mpirt;C:\Program Files (x86)\Common Files\Intel\Shared Libraries\redist\ia32\compiler;C:\Program Files\Common Files\Microsoft Shared\Windows Live;C:\Program Files (x86)\Common Files\Microsoft Shared\Windows Live;C:\soft\Rockwell Software\RSCommon;C:\Windows\system32;C:\Windows;C:\Windows\System32\Wbem;C:\Windows\System32\WindowsPowerShell\v1.0\;C:\Program Files\Intel\DMIX;C:\soft\Rational\common;C:\soft\MATLAB\R2009b\runtime\win32;C:\soft\MATLAB\R2009b\bin;C:\soft\MySQL\MySQL Server 5.6\bin;C:\Program Files (x86)\Windows Live\Shared;C:\soft\LINGO15\;C:\Soft\shield;C:\Soft\QuickTime\QTSystem\;C:\Program Files\Microsoft SQL Server\120\Tools\Binn\;C:\Program Files (x86)\Windows Kits\10\Windows Performance Toolkit\;C:\Program Files\Microsoft SQL Server\Client SDK\ODBC\110\Tools\Binn\;C:\Program Files (x86)\Microsoft SQL Server\120\Tools\Binn\;C:\Program Files\Microsoft SQL Server\120\DTS\Binn\
USERNAME=Administrator
OS=Windows_NT
PROCESSOR_IDENTIFIER=Intel64 Family 6 Model 30 Stepping 5, GenuineIntel



---------------  S Y S T E M  ---------------

OS: Windows 7 , 64 bit Build 7601 (6.1.7601.19135)

CPU:total 4 (4 cores per cpu, 1 threads per core) family 6 model 30 stepping 5, cmov, cx8, fxsr, mmx, sse, sse2, sse3, ssse3, sse4.1, sse4.2, popcnt, tsc, tscinvbit

Memory: 4k page, physical 4127104k(361068k free), swap 4125268k(5476k free)

vm_info: Java HotSpot(TM) 64-Bit Server VM (25.74-b02) for windows-amd64 JRE (1.8.0_74-b02), built on Jan 29 2016 17:42:36 by "java_re" with MS VC++ 10.0 (VS2010)

time: Mon Sep 26 11:27:35 2016
elapsed time: 0 seconds (0d 0h 0m 0s)

